#
# A fatal error has been detected by the Java Runtime Environment:
#
#  EXCEPTION_ACCESS_VIOLATION (0xc0000005) at pc=0x00007ffc1dfd4488, pid=9540, tid=8592
#
# JRE version: Java(TM) SE Runtime Environment 18.9 (11.0.10+8) (build 11.0.10+8-LTS-162)
# Java VM: Java HotSpot(TM) 64-Bit Server VM 18.9 (11.0.10+8-LTS-162, mixed mode, tiered, compressed oops, g1 gc, windows-amd64)
# Problematic frame:
# V  [jvm.dll+0x194488]
#
# No core dump will be written. Minidumps are not enabled by default on client versions of Windows
#
# If you would like to submit a bug report, please visit:
#   https://bugreport.java.com/bugreport/crash.jsp
#

---------------  S U M M A R Y ------------

Command Line: -Dmaven.multiModuleProjectDirectory=C:\Users\Simone\springboot1\aula org.apache.maven.wrapper.MavenWrapperMain clean package

Host: Intel(R) Core(TM) i3-2310M CPU @ 2.10GHz, 4 cores, 3G,  Windows 10 , 64 bit Build 19041 (10.0.19041.1706)
Time: Fri Jun 10 06:00:28 2022 Hora oficial do Brasil elapsed time: 18.909633 seconds (0d 0h 0m 18s)

---------------  T H R E A D  ---------------

Current thread (0x0000018767c12800):  JavaThread "C2 CompilerThread0" daemon [_thread_in_native, id=8592, stack(0x0000001b83b00000,0x0000001b83c00000)]


Current CompileTask:
C2:  18910 3017   !   4       org.codehaus.plexus.interpolation.StringSearchInterpolator::interpolate (668 bytes)

Stack: [0x0000001b83b00000,0x0000001b83c00000],  sp=0x0000001b83bfb870,  free space=1006k
Native frames: (J=compiled Java code, j=interpreted, Vv=VM code, C=native code)
V  [jvm.dll+0x194488]
V  [jvm.dll+0x1fd4a2]
V  [jvm.dll+0x1fc54f]
V  [jvm.dll+0x17f09c]
V  [jvm.dll+0x20bbd4]
V  [jvm.dll+0x209cab]
V  [jvm.dll+0x713619]
V  [jvm.dll+0x70c314]
V  [jvm.dll+0x613036]
C  [ucrtbase.dll+0x21bb2]
C  [KERNEL32.DLL+0x17034]
C  [ntdll.dll+0x52651]


siginfo: EXCEPTION_ACCESS_VIOLATION (0xc0000005), reading address 0x00000187706d84c8


Register to memory mapping:

RIP=0x00007ffc1dfd4488 jvm.dll
RAX=0x0000001b83bfb940 is pointing into the stack for thread: 0x0000018767c12800
RBX=0x0000001b83bfbcf0 is pointing into the stack for thread: 0x0000018767c12800
RCX=0x00000000000036fc is an unknown value
RDX=0x0000000000080187 is an unknown value
RSP=0x0000001b83bfb870 is pointing into the stack for thread: 0x0000018767c12800
RBP=0x0000001b83bfb970 is pointing into the stack for thread: 0x0000018767c12800
RSI=0x00000187706d84b0 is an unknown value
RDI=0x0000001b83bfbe00 is pointing into the stack for thread: 0x0000018767c12800
R8 =0x0000000000000002 is an unknown value
R9 =0x0000001b83bfbd18 is pointing into the stack for thread: 0x0000018767c12800
R10=0x00000187680e07c0 points into unknown readable memory: 00 08 0e 00 00 00 00 00
R11=0x000001876aa65820 points into unknown readable memory: 00 00 00 00 00 00 00 00
R12=
[error occurred during error reporting (printing register info), id 0xc0000005, EXCEPTION_ACCESS_VIOLATION (0xc0000005) at pc=0x00007ffc1e1171c6]

Registers:
RAX=0x0000001b83bfb940, RBX=0x0000001b83bfbcf0, RCX=0x00000000000036fc, RDX=0x0000000000080187
RSP=0x0000001b83bfb870, RBP=0x0000001b83bfb970, RSI=0x00000187706d84b0, RDI=0x0000001b83bfbe00
R8 =0x0000000000000002, R9 =0x0000001b83bfbd18, R10=0x00000187680e07c0, R11=0x000001876aa65820
R12=0x00000000ffffffff, R13=0x0000018767ef8b50, R14=0x00000000000036fc, R15=0x00000000000036fc
RIP=0x00007ffc1dfd4488, EFLAGS=0x0000000000010202

Top of Stack: (sp=0x0000001b83bfb870)
0x0000001b83bfb870:   0000001b83bfbcf0 000001876b738270
0x0000001b83bfb880:   0000018769a3d598 0000001b83bfbcf0
0x0000001b83bfb890:   00007ffc1e657f00 000000000000000d
0x0000001b83bfb8a0:   0000000000000006 0000018767ef8b50
0x0000001b83bfb8b0:   00000187684463c0 000001876844d328
0x0000001b83bfb8c0:   000001876844e3a8 0000000000abba00
0x0000001b83bfb8d0:   00000000000003d8 0000018767ef8b50
0x0000001b83bfb8e0:   0000000000000000 0000000000000000
0x0000001b83bfb8f0:   0000001b83bfb970 00007ffc1e447300
0x0000001b83bfb900:   0000000000009d40 00007ffc1e66d128
0x0000001b83bfb910:   0000000000000000 0000001b83bfe210
0x0000001b83bfb920:   0000000000000000 00007ffc1e66d128
0x0000001b83bfb930:   0000018767bbe800 00007ffc50bd25cd
0x0000001b83bfb940:   000000000000000c 0000001b83bfe210
0x0000001b83bfb950:   000001876b50f050 0000000000000001
0x0000001b83bfb960:   000001876b6c9050 00007ffc00002a0c 

Instructions: (pc=0x00007ffc1dfd4488)
0x00007ffc1dfd4468:   63 ce 45 8b fe 8b 14 88 85 d2 0f 84 cb 00 00 00
0x00007ffc1dfd4478:   48 8b 43 70 48 8d 34 92 48 c1 e6 05 48 03 70 20
0x00007ffc1dfd4488:   48 83 7e 18 00 75 11 48 8b 43 18 42 c7 04 b8 ff
0x00007ffc1dfd4498:   ff ff ff e9 8c 00 00 00 44 0f b7 86 94 00 00 00 


Stack slot to memory mapping:
stack at sp + 0 slots: 0x0000001b83bfbcf0 is pointing into the stack for thread: 0x0000018767c12800
stack at sp + 1 slots: 0x000001876b738270 points into unknown readable memory: 90 68 9d 94 81 85 be 3e
stack at sp + 2 slots: 0x0000018769a3d598 points into unknown readable memory: 70 44 65 1e fc 7f 00 00
stack at sp + 3 slots: 0x0000001b83bfbcf0 is pointing into the stack for thread: 0x0000018767c12800
stack at sp + 4 slots: 0x00007ffc1e657f00 jvm.dll
stack at sp + 5 slots: 0x000000000000000d is an unknown value
stack at sp + 6 slots: 0x0000000000000006 is an unknown value
stack at sp + 7 slots: 0x0000018767ef8b50 points into unknown readable memory: 40 f0 50 6b 87 01 00 00


---------------  P R O C E S S  ---------------

Threads class SMR info:
_java_thread_list=0x0000018768667320, length=11, elements={
0x000001874b524000, 0x0000018767bbb800, 0x0000018767bb2800, 0x0000018767c0b800,
0x0000018767c0e800, 0x0000018767c12800, 0x0000018767c16000, 0x0000018767c23800,
0x0000018767ec4800, 0x0000018767ed3800, 0x0000018768f17800
}

Java Threads: ( => current thread )
  0x000001874b524000 JavaThread "main" [_thread_in_native, id=1460, stack(0x0000001b83000000,0x0000001b83100000)]
  0x0000018767bbb800 JavaThread "Reference Handler" daemon [_thread_blocked, id=9492, stack(0x0000001b83700000,0x0000001b83800000)]
  0x0000018767bb2800 JavaThread "Finalizer" daemon [_thread_blocked, id=10076, stack(0x0000001b83800000,0x0000001b83900000)]
  0x0000018767c0b800 JavaThread "Signal Dispatcher" daemon [_thread_blocked, id=12176, stack(0x0000001b83900000,0x0000001b83a00000)]
  0x0000018767c0e800 JavaThread "Attach Listener" daemon [_thread_blocked, id=11804, stack(0x0000001b83a00000,0x0000001b83b00000)]
=>0x0000018767c12800 JavaThread "C2 CompilerThread0" daemon [_thread_in_native, id=8592, stack(0x0000001b83b00000,0x0000001b83c00000)]
  0x0000018767c16000 JavaThread "C1 CompilerThread0" daemon [_thread_blocked, id=2544, stack(0x0000001b83c00000,0x0000001b83d00000)]
  0x0000018767c23800 JavaThread "Sweeper thread" daemon [_thread_blocked, id=5824, stack(0x0000001b83d00000,0x0000001b83e00000)]
  0x0000018767ec4800 JavaThread "Service Thread" daemon [_thread_blocked, id=9116, stack(0x0000001b83e00000,0x0000001b83f00000)]
  0x0000018767ed3800 JavaThread "Common-Cleaner" daemon [_thread_blocked, id=9548, stack(0x0000001b84000000,0x0000001b84100000)]
  0x0000018768f17800 JavaThread "C2 CompilerThread1" daemon [_thread_in_native, id=9148, stack(0x0000001b84200000,0x0000001b84300000)]

Other Threads:
  0x0000018767b87000 VMThread "VM Thread" [stack: 0x0000001b83600000,0x0000001b83700000] [id=13592]
  0x0000018767ed1000 WatcherThread [stack: 0x0000001b83f00000,0x0000001b84000000] [id=684]
  0x000001874b53a800 GCTaskThread "GC Thread#0" [stack: 0x0000001b83100000,0x0000001b83200000] [id=236]
  0x0000018768815800 GCTaskThread "GC Thread#1" [stack: 0x0000001b84100000,0x0000001b84200000] [id=14820]
  0x000001874b557800 ConcurrentGCThread "G1 Main Marker" [stack: 0x0000001b83200000,0x0000001b83300000] [id=7860]
  0x000001874b559000 ConcurrentGCThread "G1 Conc#0" [stack: 0x0000001b83300000,0x0000001b83400000] [id=12896]
  0x000001874b5ae800 ConcurrentGCThread "G1 Refine#0" [stack: 0x0000001b83400000,0x0000001b83500000] [id=5404]
  0x000001874b5af800 ConcurrentGCThread "G1 Young RemSet Sampling" [stack: 0x0000001b83500000,0x0000001b83600000] [id=10768]

Threads with active compile tasks:
C2 CompilerThread0  19113 3017   !   4       org.codehaus.plexus.interpolation.StringSearchInterpolator::interpolate (668 bytes)
C2 CompilerThread1  19114 3220       4       java.util.regex.Pattern$CharPropertyGreedy::match (122 bytes)

VM state:not at safepoint (normal execution)

VM Mutex/Monitor currently owned by a thread: None

Heap address: 0x00000000c1600000, size: 1002 MB, Compressed Oops mode: 32-bit
Narrow klass base: 0x0000000000000000, Narrow klass shift: 3
Compressed class space size: 1073741824 Address: 0x0000000100000000

Heap:
 garbage-first heap   total 78848K, used 24600K [0x00000000c1600000, 0x0000000100000000)
  region size 1024K, 17 young (17408K), 3 survivors (3072K)
 Metaspace       used 21337K, capacity 21751K, committed 22064K, reserved 1069056K
  class space    used 2221K, capacity 2356K, committed 2432K, reserved 1048576K
Heap Regions: E=young(eden), S=young(survivor), O=old, HS=humongous(starts), HC=humongous(continues), CS=collection set, F=free, A=archive, TAMS=top-at-mark-start (previous, next)
|   0|0x00000000c1600000, 0x00000000c1700000, 0x00000000c1700000|100%| O|  |TAMS 0x00000000c1700000, 0x00000000c1600000| Untracked 
|   1|0x00000000c1700000, 0x00000000c1800000, 0x00000000c1800000|100%| O|  |TAMS 0x00000000c1800000, 0x00000000c1700000| Untracked 
|   2|0x00000000c1800000, 0x00000000c1900000, 0x00000000c1900000|100%| O|  |TAMS 0x00000000c1900000, 0x00000000c1800000| Untracked 
|   3|0x00000000c1900000, 0x00000000c1a00000, 0x00000000c1a00000|100%| O|  |TAMS 0x00000000c1946200, 0x00000000c1900000| Untracked 
|   4|0x00000000c1a00000, 0x00000000c1b00000, 0x00000000c1b00000|100%| O|  |TAMS 0x00000000c1a00000, 0x00000000c1a00000| Untracked 
|   5|0x00000000c1b00000, 0x00000000c1c00000, 0x00000000c1c00000|100%| O|  |TAMS 0x00000000c1b00000, 0x00000000c1b00000| Untracked 
|   6|0x00000000c1c00000, 0x00000000c1d00000, 0x00000000c1d00000|100%| O|  |TAMS 0x00000000c1c00000, 0x00000000c1c00000| Untracked 
|   7|0x00000000c1d00000, 0x00000000c1e00000, 0x00000000c1e00000|100%| O|  |TAMS 0x00000000c1d00000, 0x00000000c1d00000| Untracked 
|   8|0x00000000c1e00000, 0x00000000c1e2e600, 0x00000000c1f00000| 18%| O|  |TAMS 0x00000000c1e00000, 0x00000000c1e00000| Untracked 
|   9|0x00000000c1f00000, 0x00000000c1f00000, 0x00000000c2000000|  0%| F|  |TAMS 0x00000000c1f00000, 0x00000000c1f00000| Untracked 
|  10|0x00000000c2000000, 0x00000000c2000000, 0x00000000c2100000|  0%| F|  |TAMS 0x00000000c2000000, 0x00000000c2000000| Untracked 
|  11|0x00000000c2100000, 0x00000000c2100000, 0x00000000c2200000|  0%| F|  |TAMS 0x00000000c2100000, 0x00000000c2100000| Untracked 
|  12|0x00000000c2200000, 0x00000000c2200000, 0x00000000c2300000|  0%| F|  |TAMS 0x00000000c2200000, 0x00000000c2200000| Untracked 
|  13|0x00000000c2300000, 0x00000000c2300000, 0x00000000c2400000|  0%| F|  |TAMS 0x00000000c2300000, 0x00000000c2300000| Untracked 
|  14|0x00000000c2400000, 0x00000000c2400000, 0x00000000c2500000|  0%| F|  |TAMS 0x00000000c2400000, 0x00000000c2400000| Untracked 
|  15|0x00000000c2500000, 0x00000000c2500000, 0x00000000c2600000|  0%| F|  |TAMS 0x00000000c2500000, 0x00000000c2500000| Untracked 
|  16|0x00000000c2600000, 0x00000000c2600000, 0x00000000c2700000|  0%| F|  |TAMS 0x00000000c2600000, 0x00000000c2600000| Untracked 
|  17|0x00000000c2700000, 0x00000000c2700000, 0x00000000c2800000|  0%| F|  |TAMS 0x00000000c2700000, 0x00000000c2700000| Untracked 
|  18|0x00000000c2800000, 0x00000000c2800000, 0x00000000c2900000|  0%| F|  |TAMS 0x00000000c2800000, 0x00000000c2800000| Untracked 
|  19|0x00000000c2900000, 0x00000000c2900000, 0x00000000c2a00000|  0%| F|  |TAMS 0x00000000c2900000, 0x00000000c2900000| Untracked 
|  20|0x00000000c2a00000, 0x00000000c2a00000, 0x00000000c2b00000|  0%| F|  |TAMS 0x00000000c2a00000, 0x00000000c2a00000| Untracked 
|  21|0x00000000c2b00000, 0x00000000c2b00000, 0x00000000c2c00000|  0%| F|  |TAMS 0x00000000c2b00000, 0x00000000c2b00000| Untracked 
|  22|0x00000000c2c00000, 0x00000000c2c00000, 0x00000000c2d00000|  0%| F|  |TAMS 0x00000000c2c00000, 0x00000000c2c00000| Untracked 
|  23|0x00000000c2d00000, 0x00000000c2d00000, 0x00000000c2e00000|  0%| F|  |TAMS 0x00000000c2d00000, 0x00000000c2d00000| Untracked 
|  24|0x00000000c2e00000, 0x00000000c2e00000, 0x00000000c2f00000|  0%| F|  |TAMS 0x00000000c2e00000, 0x00000000c2e00000| Untracked 
|  25|0x00000000c2f00000, 0x00000000c2fd7d30, 0x00000000c3000000| 84%| S|CS|TAMS 0x00000000c2f00000, 0x00000000c2f00000| Complete 
|  26|0x00000000c3000000, 0x00000000c3100000, 0x00000000c3100000|100%| S|CS|TAMS 0x00000000c3000000, 0x00000000c3000000| Complete 
|  27|0x00000000c3100000, 0x00000000c3200000, 0x00000000c3200000|100%| S|CS|TAMS 0x00000000c3100000, 0x00000000c3100000| Complete 
|  28|0x00000000c3200000, 0x00000000c3200000, 0x00000000c3300000|  0%| F|  |TAMS 0x00000000c3200000, 0x00000000c3200000| Untracked 
|  29|0x00000000c3300000, 0x00000000c3300000, 0x00000000c3400000|  0%| F|  |TAMS 0x00000000c3300000, 0x00000000c3300000| Untracked 
|  30|0x00000000c3400000, 0x00000000c3400000, 0x00000000c3500000|  0%| F|  |TAMS 0x00000000c3400000, 0x00000000c3400000| Untracked 
|  31|0x00000000c3500000, 0x00000000c3500000, 0x00000000c3600000|  0%| F|  |TAMS 0x00000000c3500000, 0x00000000c3500000| Untracked 
|  32|0x00000000c3600000, 0x00000000c3600000, 0x00000000c3700000|  0%| F|  |TAMS 0x00000000c3600000, 0x00000000c3600000| Untracked 
|  33|0x00000000c3700000, 0x00000000c3700000, 0x00000000c3800000|  0%| F|  |TAMS 0x00000000c3700000, 0x00000000c3700000| Untracked 
|  34|0x00000000c3800000, 0x00000000c3800000, 0x00000000c3900000|  0%| F|  |TAMS 0x00000000c3800000, 0x00000000c3800000| Untracked 
|  35|0x00000000c3900000, 0x00000000c3900000, 0x00000000c3a00000|  0%| F|  |TAMS 0x00000000c3900000, 0x00000000c3900000| Untracked 
|  36|0x00000000c3a00000, 0x00000000c3a00000, 0x00000000c3b00000|  0%| F|  |TAMS 0x00000000c3a00000, 0x00000000c3a00000| Untracked 
|  37|0x00000000c3b00000, 0x00000000c3b00000, 0x00000000c3c00000|  0%| F|  |TAMS 0x00000000c3b00000, 0x00000000c3b00000| Untracked 
|  38|0x00000000c3c00000, 0x00000000c3c00000, 0x00000000c3d00000|  0%| F|  |TAMS 0x00000000c3c00000, 0x00000000c3c00000| Untracked 
|  39|0x00000000c3d00000, 0x00000000c3d00000, 0x00000000c3e00000|  0%| F|  |TAMS 0x00000000c3d00000, 0x00000000c3d00000| Untracked 
|  40|0x00000000c3e00000, 0x00000000c3e00000, 0x00000000c3f00000|  0%| F|  |TAMS 0x00000000c3e00000, 0x00000000c3e00000| Untracked 
|  41|0x00000000c3f00000, 0x00000000c3f00000, 0x00000000c4000000|  0%| F|  |TAMS 0x00000000c3f00000, 0x00000000c3f00000| Untracked 
|  42|0x00000000c4000000, 0x00000000c4000000, 0x00000000c4100000|  0%| F|  |TAMS 0x00000000c4000000, 0x00000000c4000000| Untracked 
|  43|0x00000000c4100000, 0x00000000c4100000, 0x00000000c4200000|  0%| F|  |TAMS 0x00000000c4100000, 0x00000000c4100000| Untracked 
|  44|0x00000000c4200000, 0x00000000c4200000, 0x00000000c4300000|  0%| F|  |TAMS 0x00000000c4200000, 0x00000000c4200000| Untracked 
|  45|0x00000000c4300000, 0x00000000c4300000, 0x00000000c4400000|  0%| F|  |TAMS 0x00000000c4300000, 0x00000000c4300000| Untracked 
|  46|0x00000000c4400000, 0x00000000c4400000, 0x00000000c4500000|  0%| F|  |TAMS 0x00000000c4400000, 0x00000000c4400000| Untracked 
|  47|0x00000000c4500000, 0x00000000c4500000, 0x00000000c4600000|  0%| F|  |TAMS 0x00000000c4500000, 0x00000000c4500000| Untracked 
|  48|0x00000000c4600000, 0x00000000c4600000, 0x00000000c4700000|  0%| F|  |TAMS 0x00000000c4600000, 0x00000000c4600000| Untracked 
|  49|0x00000000c4700000, 0x00000000c4700000, 0x00000000c4800000|  0%| F|  |TAMS 0x00000000c4700000, 0x00000000c4700000| Untracked 
|  50|0x00000000c4800000, 0x00000000c4800000, 0x00000000c4900000|  0%| F|  |TAMS 0x00000000c4800000, 0x00000000c4800000| Untracked 
|  51|0x00000000c4900000, 0x00000000c4900000, 0x00000000c4a00000|  0%| F|  |TAMS 0x00000000c4900000, 0x00000000c4900000| Untracked 
|  52|0x00000000c4a00000, 0x00000000c4a00000, 0x00000000c4b00000|  0%| F|  |TAMS 0x00000000c4a00000, 0x00000000c4a00000| Untracked 
|  53|0x00000000c4b00000, 0x00000000c4b00000, 0x00000000c4c00000|  0%| F|  |TAMS 0x00000000c4b00000, 0x00000000c4b00000| Untracked 
|  54|0x00000000c4c00000, 0x00000000c4c00000, 0x00000000c4d00000|  0%| F|  |TAMS 0x00000000c4c00000, 0x00000000c4c00000| Untracked 
|  55|0x00000000c4d00000, 0x00000000c4d00000, 0x00000000c4e00000|  0%| F|  |TAMS 0x00000000c4d00000, 0x00000000c4d00000| Untracked 
|  56|0x00000000c4e00000, 0x00000000c4e00000, 0x00000000c4f00000|  0%| F|  |TAMS 0x00000000c4e00000, 0x00000000c4e00000| Untracked 
|  57|0x00000000c4f00000, 0x00000000c4f00000, 0x00000000c5000000|  0%| F|  |TAMS 0x00000000c4f00000, 0x00000000c4f00000| Untracked 
|  58|0x00000000c5000000, 0x00000000c5000000, 0x00000000c5100000|  0%| F|  |TAMS 0x00000000c5000000, 0x00000000c5000000| Untracked 
|  59|0x00000000c5100000, 0x00000000c5100000, 0x00000000c5200000|  0%| F|  |TAMS 0x00000000c5100000, 0x00000000c5100000| Untracked 
|  60|0x00000000c5200000, 0x00000000c5200000, 0x00000000c5300000|  0%| F|  |TAMS 0x00000000c5200000, 0x00000000c5200000| Untracked 
|  61|0x00000000c5300000, 0x00000000c5300000, 0x00000000c5400000|  0%| F|  |TAMS 0x00000000c5300000, 0x00000000c5300000| Untracked 
|  62|0x00000000c5400000, 0x00000000c5400000, 0x00000000c5500000|  0%| F|  |TAMS 0x00000000c5400000, 0x00000000c5400000| Untracked 
|  63|0x00000000c5500000, 0x00000000c5580800, 0x00000000c5600000| 50%| E|  |TAMS 0x00000000c5500000, 0x00000000c5500000| Complete 
|  64|0x00000000c5600000, 0x00000000c5700000, 0x00000000c5700000|100%| E|CS|TAMS 0x00000000c5600000, 0x00000000c5600000| Complete 
|  65|0x00000000c5700000, 0x00000000c5800000, 0x00000000c5800000|100%| E|CS|TAMS 0x00000000c5700000, 0x00000000c5700000| Complete 
|  66|0x00000000c5800000, 0x00000000c5900000, 0x00000000c5900000|100%| E|CS|TAMS 0x00000000c5800000, 0x00000000c5800000| Complete 
|  67|0x00000000c5900000, 0x00000000c5a00000, 0x00000000c5a00000|100%| E|CS|TAMS 0x00000000c5900000, 0x00000000c5900000| Complete 
|  68|0x00000000c5a00000, 0x00000000c5b00000, 0x00000000c5b00000|100%| E|CS|TAMS 0x00000000c5a00000, 0x00000000c5a00000| Complete 
|  69|0x00000000c5b00000, 0x00000000c5c00000, 0x00000000c5c00000|100%| E|CS|TAMS 0x00000000c5b00000, 0x00000000c5b00000| Complete 
|  70|0x00000000c5c00000, 0x00000000c5d00000, 0x00000000c5d00000|100%| E|CS|TAMS 0x00000000c5c00000, 0x00000000c5c00000| Complete 
|  71|0x00000000c5d00000, 0x00000000c5e00000, 0x00000000c5e00000|100%| E|CS|TAMS 0x00000000c5d00000, 0x00000000c5d00000| Complete 
|  72|0x00000000c5e00000, 0x00000000c5f00000, 0x00000000c5f00000|100%| E|CS|TAMS 0x00000000c5e00000, 0x00000000c5e00000| Complete 
|  73|0x00000000c5f00000, 0x00000000c6000000, 0x00000000c6000000|100%| E|CS|TAMS 0x00000000c5f00000, 0x00000000c5f00000| Complete 
|  74|0x00000000c6000000, 0x00000000c6100000, 0x00000000c6100000|100%| E|CS|TAMS 0x00000000c6000000, 0x00000000c6000000| Complete 
|  75|0x00000000c6100000, 0x00000000c6200000, 0x00000000c6200000|100%| E|CS|TAMS 0x00000000c6100000, 0x00000000c6100000| Complete 
|  76|0x00000000c6200000, 0x00000000c6300000, 0x00000000c6300000|100%| E|CS|TAMS 0x00000000c6200000, 0x00000000c6200000| Complete 

Card table byte_map: [0x0000018762bc0000,0x0000018762dc0000] _byte_map_base: 0x00000187625b5000

Marking Bits (Prev, Next): (CMBitMap*) 0x000001874b552a90, (CMBitMap*) 0x000001874b552a58
 Prev Bits: [0x0000018763f70000, 0x0000018764f18000)
 Next Bits: [0x0000018762fc0000, 0x0000018763f68000)

Polling page: 0x00000187493a0000

Metaspace:

Usage:
  Non-class:     18.94 MB capacity,    18.67 MB ( 99%) used,   254.26 KB (  1%) free+waste,    24.56 KB ( <1%) overhead. 
      Class:      2.30 MB capacity,     2.17 MB ( 94%) used,   124.82 KB (  5%) free+waste,     9.63 KB ( <1%) overhead. 
       Both:     21.24 MB capacity,    20.84 MB ( 98%) used,   379.08 KB (  2%) free+waste,    34.19 KB ( <1%) overhead. 

Virtual space:
  Non-class space:       20.00 MB reserved,      19.17 MB ( 96%) committed 
      Class space:        1.00 GB reserved,       2.38 MB ( <1%) committed 
             Both:        1.02 GB reserved,      21.55 MB (  2%) committed 

Chunk freelists:
   Non-Class:  7.63 KB
       Class:  1.50 KB
        Both:  9.13 KB

CodeHeap 'non-profiled nmethods': size=120064Kb used=1537Kb max_used=1537Kb free=118526Kb
 bounds [0x000001875b480000, 0x000001875b6f0000, 0x00000187629c0000]
CodeHeap 'profiled nmethods': size=120000Kb used=6832Kb max_used=6832Kb free=113167Kb
 bounds [0x0000018753f50000, 0x0000018754600000, 0x000001875b480000]
CodeHeap 'non-nmethods': size=5696Kb used=1106Kb max_used=1141Kb free=4589Kb
 bounds [0x00000187539c0000, 0x0000018753c30000, 0x0000018753f50000]
 total_blobs=3630 nmethods=3209 adapters=332
 compilation: enabled
              stopped_count=0, restarted_count=0
 full_count=0

Compilation events (10 events):
Event: 18.753 Thread 0x0000018768f17800 3196       4       java.util.WeakHashMap::get (77 bytes)
Event: 18.771 Thread 0x0000018768f17800 nmethod 3196 0x000001875b5fcf90 code [0x000001875b5fd140, 0x000001875b5fd368]
Event: 18.785 Thread 0x0000018767c16000 3197       3       org.eclipse.aether.artifact.AbstractArtifact::copyProperties (29 bytes)
Event: 18.787 Thread 0x0000018767c16000 nmethod 3197 0x00000187545e2190 code [0x00000187545e23a0, 0x00000187545e29d8]
Event: 18.804 Thread 0x0000018767c16000 3198   !   3       org.apache.maven.model.ReportPlugin::clone (115 bytes)
Event: 18.811 Thread 0x0000018767c16000 nmethod 3198 0x00000187545e2c10 code [0x00000187545e2f40, 0x00000187545e41f8]
Event: 18.812 Thread 0x0000018767c16000 3199   !   3       org.apache.maven.model.Parent::clone (73 bytes)
Event: 18.817 Thread 0x0000018767c16000 nmethod 3199 0x00000187545e4990 code [0x00000187545e4c60, 0x00000187545e5a58]
Event: 18.817 Thread 0x0000018767c16000 3200       1       org.apache.maven.model.building.DefaultModelBuildingRequest::getWorkspaceModelResolver (5 bytes)
Event: 18.817 Thread 0x0000018767c16000 nmethod 3200 0x000001875b5fd590 code [0x000001875b5fd720, 0x000001875b5fd7d8]

GC Heap History (10 events):
Event: 3.956 GC heap before
{Heap before GC invocations=1 (full 0):
 garbage-first heap   total 65536K, used 6220K [0x00000000c1600000, 0x0000000100000000)
  region size 1024K, 5 young (5120K), 2 survivors (2048K)
 Metaspace       used 11848K, capacity 12133K, committed 12288K, reserved 1060864K
  class space    used 1142K, capacity 1256K, committed 1280K, reserved 1048576K
}
Event: 3.976 GC heap after
{Heap after GC invocations=2 (full 0):
 garbage-first heap   total 65536K, used 3411K [0x00000000c1600000, 0x0000000100000000)
  region size 1024K, 1 young (1024K), 1 survivors (1024K)
 Metaspace       used 11848K, capacity 12133K, committed 12288K, reserved 1060864K
  class space    used 1142K, capacity 1256K, committed 1280K, reserved 1048576K
}
Event: 5.919 GC heap before
{Heap before GC invocations=2 (full 0):
 garbage-first heap   total 65536K, used 18771K [0x00000000c1600000, 0x0000000100000000)
  region size 1024K, 16 young (16384K), 1 survivors (1024K)
 Metaspace       used 13900K, capacity 14241K, committed 14464K, reserved 1062912K
  class space    used 1421K, capacity 1551K, committed 1664K, reserved 1048576K
}
Event: 5.929 GC heap after
{Heap after GC invocations=3 (full 0):
 garbage-first heap   total 65536K, used 3886K [0x00000000c1600000, 0x0000000100000000)
  region size 1024K, 1 young (1024K), 1 survivors (1024K)
 Metaspace       used 13900K, capacity 14241K, committed 14464K, reserved 1062912K
  class space    used 1421K, capacity 1551K, committed 1664K, reserved 1048576K
}
Event: 9.769 GC heap before
{Heap before GC invocations=3 (full 0):
 garbage-first heap   total 65536K, used 36654K [0x00000000c1600000, 0x0000000100000000)
  region size 1024K, 33 young (33792K), 1 survivors (1024K)
 Metaspace       used 18453K, capacity 18836K, committed 19072K, reserved 1067008K
  class space    used 2011K, capacity 2140K, committed 2176K, reserved 1048576K
}
Event: 9.804 GC heap after
{Heap after GC invocations=4 (full 0):
 garbage-first heap   total 65536K, used 5723K [0x00000000c1600000, 0x0000000100000000)
  region size 1024K, 3 young (3072K), 3 survivors (3072K)
 Metaspace       used 18453K, capacity 18836K, committed 19072K, reserved 1067008K
  class space    used 2011K, capacity 2140K, committed 2176K, reserved 1048576K
}
Event: 14.147 GC heap before
{Heap before GC invocations=4 (full 0):
 garbage-first heap   total 65536K, used 29275K [0x00000000c1600000, 0x0000000100000000)
  region size 1024K, 27 young (27648K), 3 survivors (3072K)
 Metaspace       used 20737K, capacity 21158K, committed 21296K, reserved 1069056K
  class space    used 2202K, capacity 2351K, committed 2432K, reserved 1048576K
}
Event: 14.202 GC heap after
{Heap after GC invocations=5 (full 0):
 garbage-first heap   total 65536K, used 8472K [0x00000000c1600000, 0x0000000100000000)
  region size 1024K, 5 young (5120K), 5 survivors (5120K)
 Metaspace       used 20737K, capacity 21158K, committed 21296K, reserved 1069056K
  class space    used 2202K, capacity 2351K, committed 2432K, reserved 1048576K
}
Event: 17.418 GC heap before
{Heap before GC invocations=6 (full 0):
 garbage-first heap   total 65536K, used 40216K [0x00000000c1600000, 0x0000000100000000)
  region size 1024K, 36 young (36864K), 5 survivors (5120K)
 Metaspace       used 21098K, capacity 21553K, committed 21808K, reserved 1069056K
  class space    used 2220K, capacity 2354K, committed 2432K, reserved 1048576K
}
Event: 17.490 GC heap after
{Heap after GC invocations=7 (full 0):
 garbage-first heap   total 78848K, used 11288K [0x00000000c1600000, 0x0000000100000000)
  region size 1024K, 3 young (3072K), 3 survivors (3072K)
 Metaspace       used 21098K, capacity 21553K, committed 21808K, reserved 1069056K
  class space    used 2220K, capacity 2354K, committed 2432K, reserved 1048576K
}

Deoptimization events (10 events):
Event: 15.233 Thread 0x000001874b524000 Uncommon trap: reason=profile_predicate action=maybe_recompile pc=0x000001875b5ac138 method=java.util.regex.Pattern$CharPropertyGreedy.match(Ljava/util/regex/Matcher;ILjava/lang/CharSequence;)Z @ 70 c2
Event: 15.239 Thread 0x000001874b524000 Uncommon trap: reason=profile_predicate action=maybe_recompile pc=0x000001875b5ac138 method=java.util.regex.Pattern$CharPropertyGreedy.match(Ljava/util/regex/Matcher;ILjava/lang/CharSequence;)Z @ 70 c2
Event: 15.246 Thread 0x000001874b524000 Uncommon trap: reason=profile_predicate action=maybe_recompile pc=0x000001875b5ac138 method=java.util.regex.Pattern$CharPropertyGreedy.match(Ljava/util/regex/Matcher;ILjava/lang/CharSequence;)Z @ 70 c2
Event: 15.250 Thread 0x000001874b524000 Uncommon trap: reason=profile_predicate action=maybe_recompile pc=0x000001875b5ac138 method=java.util.regex.Pattern$CharPropertyGreedy.match(Ljava/util/regex/Matcher;ILjava/lang/CharSequence;)Z @ 70 c2
Event: 16.613 Thread 0x000001874b524000 Uncommon trap: reason=unstable_if action=reinterpret pc=0x000001875b5a80e4 method=org.apache.maven.model.io.xpp3.MavenXpp3Reader.nextTag(Lorg/codehaus/plexus/util/xml/pull/XmlPullParser;)I @ 9 c2
Event: 17.114 Thread 0x000001874b524000 Uncommon trap: reason=unstable_if action=reinterpret pc=0x000001875b5baa1c method=org.codehaus.plexus.util.xml.pull.MXParser.parseAttribute()C @ 995 c2
Event: 17.920 Thread 0x000001874b524000 Uncommon trap: reason=profile_predicate action=maybe_recompile pc=0x000001875b5edf14 method=java.util.concurrent.ConcurrentHashMap.putAll(Ljava/util/Map;)V @ 28 c2
Event: 17.952 Thread 0x000001874b524000 Uncommon trap: reason=profile_predicate action=maybe_recompile pc=0x000001875b5edf14 method=java.util.concurrent.ConcurrentHashMap.putAll(Ljava/util/Map;)V @ 28 c2
Event: 17.952 Thread 0x000001874b524000 Uncommon trap: reason=profile_predicate action=maybe_recompile pc=0x000001875b5edf14 method=java.util.concurrent.ConcurrentHashMap.putAll(Ljava/util/Map;)V @ 28 c2
Event: 17.953 Thread 0x000001874b524000 Uncommon trap: reason=profile_predicate action=maybe_recompile pc=0x000001875b5edf14 method=java.util.concurrent.ConcurrentHashMap.putAll(Ljava/util/Map;)V @ 28 c2

Classes redefined (0 events):
No events

Internal exceptions (10 events):
Event: 1.887 Thread 0x000001874b524000 Exception <a 'java/lang/NullPointerException'{0x00000000c50906f0}> (0x00000000c50906f0) thrown at [./open/src/hotspot/share/interpreter/linkResolver.cpp, line 1354]
Event: 1.888 Thread 0x000001874b524000 Exception <a 'java/lang/NullPointerException'{0x00000000c50909c0}> (0x00000000c50909c0) thrown at [./open/src/hotspot/share/interpreter/linkResolver.cpp, line 1354]
Event: 1.888 Thread 0x000001874b524000 Exception <a 'java/lang/NullPointerException'{0x00000000c5090c90}> (0x00000000c5090c90) thrown at [./open/src/hotspot/share/interpreter/linkResolver.cpp, line 1354]
Event: 1.888 Thread 0x000001874b524000 Exception <a 'java/lang/NullPointerException'{0x00000000c5090f60}> (0x00000000c5090f60) thrown at [./open/src/hotspot/share/interpreter/linkResolver.cpp, line 1354]
Event: 4.503 Thread 0x000001874b524000 Exception <a 'java/lang/NoClassDefFoundError'{0x00000000c5143928}: javax/enterprise/inject/Typed> (0x00000000c5143928) thrown at [./open/src/hotspot/share/classfile/systemDictionary.cpp, line 217]
Event: 9.191 Thread 0x000001874b524000 Exception <a 'java/lang/NoClassDefFoundError'{0x00000000c36c9f38}: com/google/inject/servlet/ServletModuleTargetVisitor> (0x00000000c36c9f38) thrown at [./open/src/hotspot/share/classfile/systemDictionary.cpp, line 217]
Event: 9.192 Thread 0x000001874b524000 Exception <a 'java/lang/NoClassDefFoundError'{0x00000000c36c9f38}> (0x00000000c36c9f38) thrown at [./open/src/hotspot/share/prims/jvm.cpp, line 1309]
Event: 9.856 Thread 0x000001874b524000 Exception <a 'java/lang/NoSuchMethodError'{0x00000000c5506830}: java.lang.invoke.DirectMethodHandle$Holder.invokeStaticInit(Ljava/lang/Object;IIII)Ljava/lang/Object;> (0x00000000c5506830) thrown at [./open/src/hotspot/share/interpreter/linkResolver.cpp, l
Event: 11.162 Thread 0x000001874b524000 Implicit null exception at 0x000001875b4b6ff4 to 0x000001875b4b7574
Event: 11.162 Thread 0x000001874b524000 Implicit null exception at 0x000001875b4ab574 to 0x000001875b4abacc

Events (10 events):
Event: 17.920 Thread 0x000001874b524000 DEOPT UNPACKING pc=0x00000187539e782f sp=0x0000001b830fc100 mode 2
Event: 17.952 Thread 0x000001874b524000 Uncommon trap: trap_request=0xffffffbe fr.pc=0x000001875b5edf14 relative=0x0000000000001234
Event: 17.952 Thread 0x000001874b524000 DEOPT PACKING pc=0x000001875b5edf14 sp=0x0000001b830fbc10
Event: 17.952 Thread 0x000001874b524000 DEOPT UNPACKING pc=0x00000187539e782f sp=0x0000001b830fbbf0 mode 2
Event: 17.952 Thread 0x000001874b524000 Uncommon trap: trap_request=0xffffffbe fr.pc=0x000001875b5edf14 relative=0x0000000000001234
Event: 17.952 Thread 0x000001874b524000 DEOPT PACKING pc=0x000001875b5edf14 sp=0x0000001b830fbe60
Event: 17.952 Thread 0x000001874b524000 DEOPT UNPACKING pc=0x00000187539e782f sp=0x0000001b830fbe40 mode 2
Event: 17.953 Thread 0x000001874b524000 Uncommon trap: trap_request=0xffffffbe fr.pc=0x000001875b5edf14 relative=0x0000000000001234
Event: 17.953 Thread 0x000001874b524000 DEOPT PACKING pc=0x000001875b5edf14 sp=0x0000001b830fbbd0
Event: 17.953 Thread 0x000001874b524000 DEOPT UNPACKING pc=0x00000187539e782f sp=0x0000001b830fbbb0 mode 2


Dynamic libraries:
0x00007ff7f8a30000 - 0x00007ff7f8a3f000 	C:\Program Files\Java\jdk-11.0.10\bin\java.exe
0x00007ffc53e50000 - 0x00007ffc54045000 	C:\WINDOWS\SYSTEM32\ntdll.dll
0x00007ffc527e0000 - 0x00007ffc5289d000 	C:\WINDOWS\System32\KERNEL32.DLL
0x00007ffc50b70000 - 0x00007ffc50e3d000 	C:\WINDOWS\System32\KERNELBASE.dll
0x00007ffc50fc0000 - 0x00007ffc510c0000 	C:\WINDOWS\System32\ucrtbase.dll
0x00007ffc43740000 - 0x00007ffc43755000 	C:\Program Files\Java\jdk-11.0.10\bin\VCRUNTIME140.dll
0x00007ffc49060000 - 0x00007ffc49078000 	C:\Program Files\Java\jdk-11.0.10\bin\jli.dll
0x00007ffc52e30000 - 0x00007ffc52ede000 	C:\WINDOWS\System32\ADVAPI32.dll
0x00007ffc52b70000 - 0x00007ffc52c0e000 	C:\WINDOWS\System32\msvcrt.dll
0x00007ffc519a0000 - 0x00007ffc51a3c000 	C:\WINDOWS\System32\sechost.dll
0x00007ffc52ca0000 - 0x00007ffc52dc5000 	C:\WINDOWS\System32\RPCRT4.dll
0x00007ffc51800000 - 0x00007ffc519a0000 	C:\WINDOWS\System32\USER32.dll
0x00007ffc42890000 - 0x00007ffc42b2a000 	C:\WINDOWS\WinSxS\amd64_microsoft.windows.common-controls_6595b64144ccf1df_6.0.19041.1110_none_60b5254171f9507e\COMCTL32.dll
0x00007ffc51490000 - 0x00007ffc514b2000 	C:\WINDOWS\System32\win32u.dll
0x00007ffc51f20000 - 0x00007ffc51f4a000 	C:\WINDOWS\System32\GDI32.dll
0x00007ffc50eb0000 - 0x00007ffc50fbb000 	C:\WINDOWS\System32\gdi32full.dll
0x00007ffc513e0000 - 0x00007ffc5147d000 	C:\WINDOWS\System32\msvcp_win.dll
0x00007ffc3eea0000 - 0x00007ffc3eeaa000 	C:\WINDOWS\SYSTEM32\VERSION.dll
0x00007ffc52e00000 - 0x00007ffc52e30000 	C:\WINDOWS\System32\IMM32.DLL
0x00007ffc2f3b0000 - 0x00007ffc2f44b000 	C:\Program Files\Java\jdk-11.0.10\bin\msvcp140.dll
0x00007ffc1de40000 - 0x00007ffc1e93b000 	C:\Program Files\Java\jdk-11.0.10\bin\server\jvm.dll
0x00007ffc52df0000 - 0x00007ffc52df8000 	C:\WINDOWS\System32\PSAPI.DLL
0x00007ffc3fd30000 - 0x00007ffc3fd39000 	C:\WINDOWS\SYSTEM32\WSOCK32.dll
0x00007ffc51f50000 - 0x00007ffc51fbb000 	C:\WINDOWS\System32\WS2_32.dll
0x00007ffc404e0000 - 0x00007ffc40507000 	C:\WINDOWS\SYSTEM32\WINMM.dll
0x00007ffc4dca0000 - 0x00007ffc4dcb2000 	C:\WINDOWS\SYSTEM32\kernel.appcore.dll
0x00007ffc4ebf0000 - 0x00007ffc4ec00000 	C:\Program Files\Java\jdk-11.0.10\bin\verify.dll
0x00007ffc50300000 - 0x00007ffc504e4000 	C:\WINDOWS\SYSTEM32\DBGHELP.DLL
0x00007ffc502d0000 - 0x00007ffc502fc000 	C:\WINDOWS\SYSTEM32\dbgcore.DLL
0x00007ffc510c0000 - 0x00007ffc51142000 	C:\WINDOWS\System32\bcryptPrimitives.dll
0x00007ffc32b20000 - 0x00007ffc32b48000 	C:\Program Files\Java\jdk-11.0.10\bin\java.dll
0x00007ffc4b1e0000 - 0x00007ffc4b1ea000 	C:\Program Files\Java\jdk-11.0.10\bin\jimage.dll
0x00007ffc43170000 - 0x00007ffc43186000 	C:\Program Files\Java\jdk-11.0.10\bin\zip.dll
0x00007ffc52ee0000 - 0x00007ffc53624000 	C:\WINDOWS\System32\SHELL32.dll
0x00007ffc4dfa0000 - 0x00007ffc4e734000 	C:\WINDOWS\SYSTEM32\windows.storage.dll
0x00007ffc52100000 - 0x00007ffc52454000 	C:\WINDOWS\System32\combase.dll
0x00007ffc4fe80000 - 0x00007ffc4feac000 	C:\WINDOWS\SYSTEM32\Wldp.dll
0x00007ffc51750000 - 0x00007ffc517fd000 	C:\WINDOWS\System32\SHCORE.dll
0x00007ffc53720000 - 0x00007ffc53775000 	C:\WINDOWS\System32\shlwapi.dll
0x00007ffc50ab0000 - 0x00007ffc50acf000 	C:\WINDOWS\SYSTEM32\profapi.dll
0x00007ffc42b30000 - 0x00007ffc42b49000 	C:\Program Files\Java\jdk-11.0.10\bin\net.dll
0x00007ffc45b70000 - 0x00007ffc45c7a000 	C:\WINDOWS\SYSTEM32\WINHTTP.dll
0x00007ffc4fd50000 - 0x00007ffc4fdba000 	C:\WINDOWS\system32\mswsock.dll
0x00007ffc32b00000 - 0x00007ffc32b12000 	C:\Program Files\Java\jdk-11.0.10\bin\nio.dll
0x0000000069ac0000 - 0x0000000069ae4000 	C:\Users\Simone\AppData\Local\Temp\jansi-2.4.0-378f80dcd99b200b-jansi.dll

dbghelp: loaded successfully - version: 4.0.5 - missing functions: none
symbol engine: initialized successfully - sym options: 0x614 - pdb path: .;C:\Program Files\Java\jdk-11.0.10\bin;C:\WINDOWS\SYSTEM32;C:\WINDOWS\WinSxS\amd64_microsoft.windows.common-controls_6595b64144ccf1df_6.0.19041.1110_none_60b5254171f9507e;C:\Program Files\Java\jdk-11.0.10\bin\server;C:\Users\Simone\AppData\Local\Temp

VM Arguments:
jvm_args: -Dmaven.multiModuleProjectDirectory=C:\Users\Simone\springboot1\aula 
java_command: org.apache.maven.wrapper.MavenWrapperMain clean package
java_class_path (initial): C:\Users\Simone\springboot1\aula\.mvn\wrapper\maven-wrapper.jar
Launcher Type: SUN_STANDARD

[Global flags]
     intx CICompilerCount                          = 3                                         {product} {ergonomic}
     uint ConcGCThreads                            = 1                                         {product} {ergonomic}
     uint G1ConcRefinementThreads                  = 4                                         {product} {ergonomic}
   size_t G1HeapRegionSize                         = 1048576                                   {product} {ergonomic}
    uintx GCDrainStackTargetSize                   = 64                                        {product} {ergonomic}
   size_t InitialHeapSize                          = 67108864                                  {product} {ergonomic}
   size_t MarkStackSize                            = 4194304                                   {product} {ergonomic}
   size_t MaxHeapSize                              = 1050673152                                {product} {ergonomic}
   size_t MaxNewSize                               = 630194176                                 {product} {ergonomic}
   size_t MinHeapDeltaBytes                        = 1048576                                   {product} {ergonomic}
    uintx NonNMethodCodeHeapSize                   = 5830732                                {pd product} {ergonomic}
    uintx NonProfiledCodeHeapSize                  = 122913754                              {pd product} {ergonomic}
    uintx ProfiledCodeHeapSize                     = 122913754                              {pd product} {ergonomic}
    uintx ReservedCodeCacheSize                    = 251658240                              {pd product} {ergonomic}
     bool SegmentedCodeCache                       = true                                      {product} {ergonomic}
     bool UseCompressedClassPointers               = true                                 {lp64_product} {ergonomic}
     bool UseCompressedOops                        = true                                 {lp64_product} {ergonomic}
     bool UseG1GC                                  = true                                      {product} {ergonomic}
     bool UseLargePagesIndividualAllocation        = false                                  {pd product} {ergonomic}

Logging:
Log output configuration:
 #0: stdout all=warning uptime,level,tags
 #1: stderr all=off uptime,level,tags

Environment Variables:
JAVA_HOME=C:\Program Files\Java\jdk-11.0.10
PATH=C:\Program Files\Common Files\Oracle\Java\javapath;C:\Program Files\Broadcom\Broadcom 802.11 Network Adapter\Driver;C:\WINDOWS\system32;C:\WINDOWS;C:\WINDOWS\System32\Wbem;C:\WINDOWS\System32\WindowsPowerShell\v1.0\;C:\Program Files\Git\cmd;C:\WINDOWS\System32\OpenSSH\;C:\composer;C:\Program Files\nodejs\;%JAVA_HOME%\bin;C:\Program Files\MySQL\MySQL Shell 8.0\bin\;C:\xampp1\php;C:\Users\Simone\AppData\Local\Programs\Microsoft VS Code\bin;C:\xampp\php;C:\Users\Simone\AppData\Local\ComposerSetup\bin;C:\Users\Simone\AppData\Roaming\Composer\vendor\bin;C:\Users\Simone\AppData\Local\Microsoft\WindowsApps;C:\Users\Simone\AppData\Local\GitHubDesktop\bin;C:\Program Files\heroku\bin;C:\Users\Simone\AppData\Roaming\npm
USERNAME=Simone
OS=Windows_NT
PROCESSOR_IDENTIFIER=Intel64 Family 6 Model 42 Stepping 7, GenuineIntel



---------------  S Y S T E M  ---------------

OS: Windows 10 , 64 bit Build 19041 (10.0.19041.1706)

CPU:total 4 (initial active 4) (2 cores per cpu, 2 threads per core) family 6 model 42 stepping 7 microcode 0x2f, cmov, cx8, fxsr, mmx, sse, sse2, sse3, ssse3, sse4.1, sse4.2, popcnt, avx, clmul, ht, tsc, tscinvbit

Memory: 4k page, system-wide physical 4004M (614M free)
TotalPageFile size 11172M (AvailPageFile size 2297M)
current process WorkingSet (physical memory assigned to process): 150M, peak: 150M
current process commit charge ("private bytes"): 200M, peak: 200M

vm_info: Java HotSpot(TM) 64-Bit Server VM (11.0.10+8-LTS-162) for windows-amd64 JRE (11.0.10+8-LTS-162), built on Dec  8 2020 16:32:57 by "mach5one" with MS VC++ 15.9 (VS2017)

END.
